<?xml version="1.0" encoding="UTF-8"?>
<!-- Generated by org.testng.reporters.JUnitXMLReporter -->
<testsuite ignored="0" hostname="LAPTOP-GB1V8VA2" failures="0" tests="8" name="Default test" time="16.48" errors="0" timestamp="19 Oct 2020 18:07:11 GMT">
  <testcase classname="Test.TestHomePage" name="checkCoursesDetailsLink" time="2.241"/>
  <testcase classname="Test.TestHomePage" name="checkDeleteLink" time="2.537"/>
  <testcase classname="Test.TestHomePage" name="editCoursesFeatureCheck" time="2.381"/>
  <testcase classname="Test.TestHomePage" name="headerCheck" time="0.179"/>
  <testcase classname="Test.TestHomePage" name="headersListCheck" time="0.395"/>
  <testcase classname="Test.TestHomePage" name="newCoursesRecordCheck" time="0.404"/>
  <testcase classname="Test.TestHomePage" name="veirfyPageCoursesTitle" time="0.144"/>
  <testcase classname="Test.TestHomePage" name="verifyCoursesNCreateLink" time="0.461"/>
</testsuite> <!-- Default test -->
