<?xml version="1.0" encoding="UTF-8"?>
<testng-results ignored="0" total="15" passed="14" failed="1" skipped="0">
  <reporter-output>
  </reporter-output>
  <suite started-at="2020-10-15T19:38:43Z" name="Default suite" finished-at="2020-10-15T19:39:43Z" duration-ms="59790">
    <groups>
    </groups>
    <test started-at="2020-10-15T19:38:43Z" name="Default test" finished-at="2020-10-15T19:39:43Z" duration-ms="59790">
      <class name="Test.TestHomePage">
        <test-method is-config="true" signature="setUp()[pri:0, instance:Test.TestHomePage@6253c26]" started-at="2020-10-15T19:38:43Z" name="setUp" finished-at="2020-10-15T19:38:50Z" duration-ms="7215" status="PASS">
          <reporter-output>
          </reporter-output>
        </test-method> <!-- setUp -->
        <test-method is-config="true" signature="setUp()[pri:0, instance:Test.TestStudentsPage@49049a04]" started-at="2020-10-15T19:38:50Z" name="setUp" finished-at="2020-10-15T19:38:56Z" duration-ms="5860" status="PASS">
          <reporter-output>
          </reporter-output>
        </test-method> <!-- setUp -->
        <test-method signature="checkCoursesDetailsLink()[pri:0, instance:Test.TestHomePage@6253c26]" started-at="2020-10-15T19:38:56Z" name="checkCoursesDetailsLink" finished-at="2020-10-15T19:38:58Z" duration-ms="2262" status="PASS">
          <reporter-output>
          </reporter-output>
        </test-method> <!-- checkCoursesDetailsLink -->
        <test-method signature="checkDeleteLink()[pri:0, instance:Test.TestHomePage@6253c26]" started-at="2020-10-15T19:38:58Z" name="checkDeleteLink" finished-at="2020-10-15T19:39:02Z" duration-ms="3114" status="PASS">
          <reporter-output>
          </reporter-output>
        </test-method> <!-- checkDeleteLink -->
        <test-method signature="editCoursesFeatureCheck()[pri:0, instance:Test.TestHomePage@6253c26]" started-at="2020-10-15T19:39:02Z" name="editCoursesFeatureCheck" finished-at="2020-10-15T19:39:05Z" duration-ms="3207" status="PASS">
          <reporter-output>
          </reporter-output>
        </test-method> <!-- editCoursesFeatureCheck -->
        <test-method signature="headerCheck()[pri:0, instance:Test.TestHomePage@6253c26]" started-at="2020-10-15T19:39:05Z" name="headerCheck" finished-at="2020-10-15T19:39:06Z" duration-ms="695" status="PASS">
          <reporter-output>
          </reporter-output>
        </test-method> <!-- headerCheck -->
        <test-method signature="headersListCheck()[pri:0, instance:Test.TestHomePage@6253c26]" started-at="2020-10-15T19:39:06Z" name="headersListCheck" finished-at="2020-10-15T19:39:07Z" duration-ms="1082" status="PASS">
          <reporter-output>
          </reporter-output>
        </test-method> <!-- headersListCheck -->
        <test-method signature="newCoursesRecordCheck()[pri:0, instance:Test.TestHomePage@6253c26]" started-at="2020-10-15T19:39:07Z" name="newCoursesRecordCheck" finished-at="2020-10-15T19:39:07Z" duration-ms="570" status="PASS">
          <reporter-output>
          </reporter-output>
        </test-method> <!-- newCoursesRecordCheck -->
        <test-method signature="veirfyPageCoursesTitle()[pri:0, instance:Test.TestHomePage@6253c26]" started-at="2020-10-15T19:39:07Z" name="veirfyPageCoursesTitle" finished-at="2020-10-15T19:39:08Z" duration-ms="487" status="PASS">
          <reporter-output>
          </reporter-output>
        </test-method> <!-- veirfyPageCoursesTitle -->
        <test-method signature="verifyCoursesNCreateLink()[pri:0, instance:Test.TestHomePage@6253c26]" started-at="2020-10-15T19:39:08Z" name="verifyCoursesNCreateLink" finished-at="2020-10-15T19:39:09Z" duration-ms="900" status="PASS">
          <reporter-output>
          </reporter-output>
        </test-method> <!-- verifyCoursesNCreateLink -->
        <test-method is-config="true" signature="tearDown()[pri:0, instance:Test.TestHomePage@6253c26]" started-at="2020-10-15T19:39:42Z" name="tearDown" finished-at="2020-10-15T19:39:43Z" duration-ms="746" status="PASS">
          <reporter-output>
          </reporter-output>
        </test-method> <!-- tearDown -->
        <test-method is-config="true" signature="tearDown()[pri:0, instance:Test.TestStudentsPage@49049a04]" started-at="2020-10-15T19:39:43Z" name="tearDown" finished-at="2020-10-15T19:39:43Z" duration-ms="0" status="PASS">
          <reporter-output>
          </reporter-output>
        </test-method> <!-- tearDown -->
      </class> <!-- Test.TestHomePage -->
      <class name="Test.TestStudentsPage">
        <test-method signature="checkByFirstName()[pri:0, instance:Test.TestStudentsPage@49049a04]" started-at="2020-10-15T19:39:09Z" name="checkByFirstName" finished-at="2020-10-15T19:39:13Z" duration-ms="4839" status="PASS">
          <reporter-output>
          </reporter-output>
        </test-method> <!-- checkByFirstName -->
        <test-method signature="checkDeleteLink()[pri:0, instance:Test.TestStudentsPage@49049a04]" started-at="2020-10-15T19:39:13Z" name="checkDeleteLink" finished-at="2020-10-15T19:39:18Z" duration-ms="4735" status="PASS">
          <reporter-output>
          </reporter-output>
        </test-method> <!-- checkDeleteLink -->
        <test-method signature="checkDetailsLink()[pri:0, instance:Test.TestStudentsPage@49049a04]" started-at="2020-10-15T19:39:18Z" name="checkDetailsLink" finished-at="2020-10-15T19:39:21Z" duration-ms="2537" status="PASS">
          <reporter-output>
          </reporter-output>
        </test-method> <!-- checkDetailsLink -->
        <test-method signature="checkforEnteredName()[pri:0, instance:Test.TestStudentsPage@49049a04]" started-at="2020-10-15T19:39:21Z" name="checkforEnteredName" finished-at="2020-10-15T19:39:26Z" duration-ms="5736" status="PASS">
          <reporter-output>
          </reporter-output>
        </test-method> <!-- checkforEnteredName -->
        <test-method signature="editCoursesFromStudentsPage()[pri:0, instance:Test.TestStudentsPage@49049a04]" started-at="2020-10-15T19:39:26Z" name="editCoursesFromStudentsPage" finished-at="2020-10-15T19:39:28Z" duration-ms="1129" status="FAIL">
          <exception class="org.openqa.selenium.NoSuchElementException">
            <message>
              <![CDATA[no such element: Unable to locate element: {"method":"xpath","selector":"//*[text()='Department']"}
  (Session info: chrome=86.0.4240.75)
For documentation on this error, please visit: https://www.seleniumhq.org/exceptions/no_such_element.html
Build info: version: '3.141.59', revision: 'e82be7d358', time: '2018-11-14T08:17:03'
System info: host: 'LAPTOP-GB1V8VA2', ip: '192.168.99.1', os.name: 'Windows 10', os.arch: 'amd64', os.version: '10.0', java.version: '13.0.1'
Driver info: org.openqa.selenium.chrome.ChromeDriver
Capabilities {acceptInsecureCerts: false, browserName: chrome, browserVersion: 86.0.4240.75, chrome: {chromedriverVersion: 86.0.4240.22 (398b0743353ff..., userDataDir: C:\Users\ersan\AppData\Loca...}, goog:chromeOptions: {debuggerAddress: localhost:50059}, javascriptEnabled: true, networkConnectionEnabled: false, pageLoadStrategy: normal, platform: WINDOWS, platformName: WINDOWS, proxy: Proxy(), setWindowRect: true, strictFileInteractability: false, timeouts: {implicit: 0, pageLoad: 300000, script: 30000}, unhandledPromptBehavior: dismiss and notify, webauthn:virtualAuthenticators: true}
Session ID: b4a09d938c62b0fc50df40227bcdf51a
*** Element info: {Using=xpath, value=//*[text()='Department']}]]>
            </message>
            <full-stacktrace>
              <![CDATA[org.openqa.selenium.NoSuchElementException: no such element: Unable to locate element: {"method":"xpath","selector":"//*[text()='Department']"}
  (Session info: chrome=86.0.4240.75)
For documentation on this error, please visit: https://www.seleniumhq.org/exceptions/no_such_element.html
Build info: version: '3.141.59', revision: 'e82be7d358', time: '2018-11-14T08:17:03'
System info: host: 'LAPTOP-GB1V8VA2', ip: '192.168.99.1', os.name: 'Windows 10', os.arch: 'amd64', os.version: '10.0', java.version: '13.0.1'
Driver info: org.openqa.selenium.chrome.ChromeDriver
Capabilities {acceptInsecureCerts: false, browserName: chrome, browserVersion: 86.0.4240.75, chrome: {chromedriverVersion: 86.0.4240.22 (398b0743353ff..., userDataDir: C:\Users\ersan\AppData\Loca...}, goog:chromeOptions: {debuggerAddress: localhost:50059}, javascriptEnabled: true, networkConnectionEnabled: false, pageLoadStrategy: normal, platform: WINDOWS, platformName: WINDOWS, proxy: Proxy(), setWindowRect: true, strictFileInteractability: false, timeouts: {implicit: 0, pageLoad: 300000, script: 30000}, unhandledPromptBehavior: dismiss and notify, webauthn:virtualAuthenticators: true}
Session ID: b4a09d938c62b0fc50df40227bcdf51a
*** Element info: {Using=xpath, value=//*[text()='Department']}
at java.base/jdk.internal.reflect.NativeConstructorAccessorImpl.newInstance0(Native Method)
at java.base/jdk.internal.reflect.NativeConstructorAccessorImpl.newInstance(NativeConstructorAccessorImpl.java:62)
at java.base/jdk.internal.reflect.DelegatingConstructorAccessorImpl.newInstance(DelegatingConstructorAccessorImpl.java:45)
at java.base/java.lang.reflect.Constructor.newInstanceWithCaller(Constructor.java:500)
at java.base/java.lang.reflect.Constructor.newInstance(Constructor.java:481)
at org.openqa.selenium.remote.http.W3CHttpResponseCodec.createException(W3CHttpResponseCodec.java:187)
at org.openqa.selenium.remote.http.W3CHttpResponseCodec.decode(W3CHttpResponseCodec.java:122)
at org.openqa.selenium.remote.http.W3CHttpResponseCodec.decode(W3CHttpResponseCodec.java:49)
at org.openqa.selenium.remote.HttpCommandExecutor.execute(HttpCommandExecutor.java:158)
at org.openqa.selenium.remote.service.DriverCommandExecutor.execute(DriverCommandExecutor.java:83)
at org.openqa.selenium.remote.RemoteWebDriver.execute(RemoteWebDriver.java:552)
at org.openqa.selenium.remote.RemoteWebDriver.findElement(RemoteWebDriver.java:323)
at org.openqa.selenium.remote.RemoteWebDriver.findElementByXPath(RemoteWebDriver.java:428)
at org.openqa.selenium.By$ByXPath.findElement(By.java:353)
at org.openqa.selenium.remote.RemoteWebDriver.findElement(RemoteWebDriver.java:315)
at org.openqa.selenium.support.pagefactory.DefaultElementLocator.findElement(DefaultElementLocator.java:69)
at org.openqa.selenium.support.pagefactory.internal.LocatingElementHandler.invoke(LocatingElementHandler.java:38)
at com.sun.proxy.$Proxy12.isDisplayed(Unknown Source)
at Pages.StudentsPage.editFeatureStudents(StudentsPage.java:164)
at Test.TestStudentsPage.editCoursesFromStudentsPage(TestStudentsPage.java:62)
at java.base/jdk.internal.reflect.NativeMethodAccessorImpl.invoke0(Native Method)
at java.base/jdk.internal.reflect.NativeMethodAccessorImpl.invoke(NativeMethodAccessorImpl.java:62)
at java.base/jdk.internal.reflect.DelegatingMethodAccessorImpl.invoke(DelegatingMethodAccessorImpl.java:43)
at java.base/java.lang.reflect.Method.invoke(Method.java:567)
at org.testng.internal.MethodInvocationHelper.invokeMethod(MethodInvocationHelper.java:124)
at org.testng.internal.Invoker.invokeMethod(Invoker.java:583)
at org.testng.internal.Invoker.invokeTestMethod(Invoker.java:719)
at org.testng.internal.Invoker.invokeTestMethods(Invoker.java:989)
at org.testng.internal.TestMethodWorker.invokeTestMethods(TestMethodWorker.java:125)
at org.testng.internal.TestMethodWorker.run(TestMethodWorker.java:109)
at org.testng.TestRunner.privateRun(TestRunner.java:648)
at org.testng.TestRunner.run(TestRunner.java:505)
at org.testng.SuiteRunner.runTest(SuiteRunner.java:455)
at org.testng.SuiteRunner.runSequentially(SuiteRunner.java:450)
at org.testng.SuiteRunner.privateRun(SuiteRunner.java:415)
at org.testng.SuiteRunner.run(SuiteRunner.java:364)
at org.testng.SuiteRunnerWorker.runSuite(SuiteRunnerWorker.java:52)
at org.testng.SuiteRunnerWorker.run(SuiteRunnerWorker.java:84)
at org.testng.TestNG.runSuitesSequentially(TestNG.java:1208)
at org.testng.TestNG.runSuitesLocally(TestNG.java:1137)
at org.testng.TestNG.runSuites(TestNG.java:1049)
at org.testng.TestNG.run(TestNG.java:1017)
at org.testng.remote.AbstractRemoteTestNG.run(AbstractRemoteTestNG.java:115)
at org.testng.remote.RemoteTestNG.initAndRun(RemoteTestNG.java:251)
at org.testng.remote.RemoteTestNG.main(RemoteTestNG.java:77)
]]>
            </full-stacktrace>
          </exception> <!-- org.openqa.selenium.NoSuchElementException -->
          <reporter-output>
          </reporter-output>
        </test-method> <!-- editCoursesFromStudentsPage -->
        <test-method signature="verifyAddStudents()[pri:0, instance:Test.TestStudentsPage@49049a04]" started-at="2020-10-15T19:39:28Z" name="verifyAddStudents" finished-at="2020-10-15T19:39:38Z" duration-ms="10681" status="PASS">
          <reporter-output>
          </reporter-output>
        </test-method> <!-- verifyAddStudents -->
        <test-method signature="verifyInActive()[pri:0, instance:Test.TestStudentsPage@49049a04]" started-at="2020-10-15T19:39:38Z" name="verifyInActive" finished-at="2020-10-15T19:39:42Z" duration-ms="3882" status="PASS">
          <reporter-output>
          </reporter-output>
        </test-method> <!-- verifyInActive -->
      </class> <!-- Test.TestStudentsPage -->
    </test> <!-- Default test -->
  </suite> <!-- Default suite -->
</testng-results>
