<?xml version="1.0" encoding="UTF-8"?>
<testng-results ignored="0" total="8" passed="8" failed="0" skipped="0">
  <reporter-output>
  </reporter-output>
  <suite started-at="2020-10-19T18:06:54Z" name="Default suite" finished-at="2020-10-19T18:07:11Z" duration-ms="16480">
    <groups>
    </groups>
    <test started-at="2020-10-19T18:06:54Z" name="Default test" finished-at="2020-10-19T18:07:11Z" duration-ms="16480">
      <class name="Test.TestHomePage">
        <test-method is-config="true" signature="setUp()[pri:0, instance:Test.TestHomePage@437da279]" started-at="2020-10-19T18:06:54Z" name="setUp" finished-at="2020-10-19T18:07:01Z" duration-ms="7039" status="PASS">
          <reporter-output>
          </reporter-output>
        </test-method> <!-- setUp -->
        <test-method signature="checkCoursesDetailsLink()[pri:0, instance:Test.TestHomePage@437da279]" started-at="2020-10-19T18:07:01Z" name="checkCoursesDetailsLink" finished-at="2020-10-19T18:07:04Z" duration-ms="2241" status="PASS">
          <reporter-output>
          </reporter-output>
        </test-method> <!-- checkCoursesDetailsLink -->
        <test-method signature="checkDeleteLink()[pri:0, instance:Test.TestHomePage@437da279]" started-at="2020-10-19T18:07:04Z" name="checkDeleteLink" finished-at="2020-10-19T18:07:06Z" duration-ms="2537" status="PASS">
          <reporter-output>
          </reporter-output>
        </test-method> <!-- checkDeleteLink -->
        <test-method signature="editCoursesFeatureCheck()[pri:0, instance:Test.TestHomePage@437da279]" started-at="2020-10-19T18:07:06Z" name="editCoursesFeatureCheck" finished-at="2020-10-19T18:07:09Z" duration-ms="2381" status="PASS">
          <reporter-output>
          </reporter-output>
        </test-method> <!-- editCoursesFeatureCheck -->
        <test-method signature="headerCheck()[pri:0, instance:Test.TestHomePage@437da279]" started-at="2020-10-19T18:07:09Z" name="headerCheck" finished-at="2020-10-19T18:07:09Z" duration-ms="179" status="PASS">
          <reporter-output>
          </reporter-output>
        </test-method> <!-- headerCheck -->
        <test-method signature="headersListCheck()[pri:0, instance:Test.TestHomePage@437da279]" started-at="2020-10-19T18:07:09Z" name="headersListCheck" finished-at="2020-10-19T18:07:09Z" duration-ms="395" status="PASS">
          <reporter-output>
          </reporter-output>
        </test-method> <!-- headersListCheck -->
        <test-method signature="newCoursesRecordCheck()[pri:0, instance:Test.TestHomePage@437da279]" started-at="2020-10-19T18:07:09Z" name="newCoursesRecordCheck" finished-at="2020-10-19T18:07:10Z" duration-ms="404" status="PASS">
          <reporter-output>
          </reporter-output>
        </test-method> <!-- newCoursesRecordCheck -->
        <test-method signature="veirfyPageCoursesTitle()[pri:0, instance:Test.TestHomePage@437da279]" started-at="2020-10-19T18:07:10Z" name="veirfyPageCoursesTitle" finished-at="2020-10-19T18:07:10Z" duration-ms="144" status="PASS">
          <reporter-output>
          </reporter-output>
        </test-method> <!-- veirfyPageCoursesTitle -->
        <test-method signature="verifyCoursesNCreateLink()[pri:0, instance:Test.TestHomePage@437da279]" started-at="2020-10-19T18:07:10Z" name="verifyCoursesNCreateLink" finished-at="2020-10-19T18:07:10Z" duration-ms="461" status="PASS">
          <reporter-output>
          </reporter-output>
        </test-method> <!-- verifyCoursesNCreateLink -->
        <test-method is-config="true" signature="tearDown()[pri:0, instance:Test.TestHomePage@437da279]" started-at="2020-10-19T18:07:10Z" name="tearDown" finished-at="2020-10-19T18:07:11Z" duration-ms="671" status="PASS">
          <reporter-output>
          </reporter-output>
        </test-method> <!-- tearDown -->
      </class> <!-- Test.TestHomePage -->
    </test> <!-- Default test -->
  </suite> <!-- Default suite -->
</testng-results>
